[2026-03-09T00:51:28.983Z] 🚀 Daisy's AI 异步全量索引服务已启动: http://localhost:3001
[2026-03-09T01:49:06.318Z] [Job:job_1773020946290] >>> START: 2.0-产品经理认证（NPDP）知识体系指南（第2版）.pdf (.pdf) Size: 20648182
[2026-03-09T01:49:06.701Z] [Job:job_1773020946290] Phase 1 Error: pdfParse is not a function
[2026-03-09T01:49:06.701Z] [Job:job_1773020946290] Phase 2 Triggered (Low chars: 0)
[2026-03-09T01:49:06.786Z] [App] Accepted job job_1773020946290 for 2.0-产品经理认证（NPDP）知识体系指南（第2版）.pdf (20648182 bytes)
[2026-03-09T01:49:06.800Z] [Job:job_1773020946290] PDFJS loaded. Pages: 490
[2026-03-09T01:49:06.838Z] [Job:job_1773020946290] Processing page 5/490...
[2026-03-09T01:49:06.864Z] [Job:job_1773020946290] Processing page 10/490...
[2026-03-09T01:49:06.870Z] [Job:job_1773020946290] Processing page 15/490...
[2026-03-09T01:49:06.879Z] [Job:job_1773020946290] Processing page 20/490...
[2026-03-09T01:49:06.885Z] [Job:job_1773020946290] Processing page 25/490...
[2026-03-09T01:49:06.891Z] [Job:job_1773020946290] Processing page 30/490...
[2026-03-09T01:49:06.894Z] [Job:job_1773020946290] Processing page 35/490...
[2026-03-09T01:49:06.897Z] [Job:job_1773020946290] Processing page 40/490...
[2026-03-09T01:49:06.902Z] [Job:job_1773020946290] Processing page 45/490...
[2026-03-09T01:49:06.905Z] [Job:job_1773020946290] Processing page 50/490...
[2026-03-09T01:49:06.908Z] [Job:job_1773020946290] Processing page 55/490...
[2026-03-09T01:49:06.911Z] [Job:job_1773020946290] Processing page 60/490...
[2026-03-09T01:49:06.914Z] [Job:job_1773020946290] Processing page 65/490...
[2026-03-09T01:49:06.918Z] [Job:job_1773020946290] Processing page 70/490...
[2026-03-09T01:49:06.921Z] [Job:job_1773020946290] Processing page 75/490...
[2026-03-09T01:49:06.925Z] [Job:job_1773020946290] Processing page 80/490...
[2026-03-09T01:49:06.929Z] [Job:job_1773020946290] Processing page 85/490...
[2026-03-09T01:49:06.935Z] [Job:job_1773020946290] Processing page 90/490...
[2026-03-09T01:49:06.937Z] [Job:job_1773020946290] Processing page 95/490...
[2026-03-09T01:49:06.940Z] [Job:job_1773020946290] Processing page 100/490...
[2026-03-09T01:49:06.943Z] [Job:job_1773020946290] Processing page 105/490...
[2026-03-09T01:49:06.947Z] [Job:job_1773020946290] Processing page 110/490...
[2026-03-09T01:49:06.951Z] [Job:job_1773020946290] Processing page 115/490...
[2026-03-09T01:49:06.954Z] [Job:job_1773020946290] Processing page 120/490...
[2026-03-09T01:49:06.958Z] [Job:job_1773020946290] Processing page 125/490...
[2026-03-09T01:49:06.960Z] [Job:job_1773020946290] Processing page 130/490...
[2026-03-09T01:49:06.963Z] [Job:job_1773020946290] Processing page 135/490...
[2026-03-09T01:49:06.967Z] [Job:job_1773020946290] Processing page 140/490...
[2026-03-09T01:49:06.970Z] [Job:job_1773020946290] Processing page 145/490...
[2026-03-09T01:49:06.973Z] [Job:job_1773020946290] Processing page 150/490...
[2026-03-09T01:49:06.976Z] [Job:job_1773020946290] Processing page 155/490...
[2026-03-09T01:49:06.979Z] [Job:job_1773020946290] Processing page 160/490...
[2026-03-09T01:49:06.982Z] [Job:job_1773020946290] Processing page 165/490...
[2026-03-09T01:49:06.986Z] [Job:job_1773020946290] Processing page 170/490...
[2026-03-09T01:49:06.993Z] [Job:job_1773020946290] Processing page 175/490...
[2026-03-09T01:49:06.997Z] [Job:job_1773020946290] Processing page 180/490...
[2026-03-09T01:49:07.000Z] [Job:job_1773020946290] Processing page 185/490...
[2026-03-09T01:49:07.003Z] [Job:job_1773020946290] Processing page 190/490...
[2026-03-09T01:49:07.006Z] [Job:job_1773020946290] Processing page 195/490...
[2026-03-09T01:49:07.010Z] [Job:job_1773020946290] Processing page 200/490...
[2026-03-09T01:49:07.014Z] [Job:job_1773020946290] Processing page 205/490...
[2026-03-09T01:49:07.017Z] [Job:job_1773020946290] Processing page 210/490...
[2026-03-09T01:49:07.021Z] [Job:job_1773020946290] Processing page 215/490...
[2026-03-09T01:49:07.025Z] [Job:job_1773020946290] Processing page 220/490...
[2026-03-09T01:49:07.028Z] [Job:job_1773020946290] Processing page 225/490...
[2026-03-09T01:49:07.032Z] [Job:job_1773020946290] Processing page 230/490...
[2026-03-09T01:49:07.036Z] [Job:job_1773020946290] Processing page 235/490...
[2026-03-09T01:49:07.038Z] [Job:job_1773020946290] Processing page 240/490...
[2026-03-09T01:49:07.041Z] [Job:job_1773020946290] Processing page 245/490...
[2026-03-09T01:49:07.045Z] [Job:job_1773020946290] Processing page 250/490...
[2026-03-09T01:49:07.048Z] [Job:job_1773020946290] Processing page 255/490...
[2026-03-09T01:49:07.051Z] [Job:job_1773020946290] Processing page 260/490...
[2026-03-09T01:49:07.054Z] [Job:job_1773020946290] Processing page 265/490...
[2026-03-09T01:49:07.058Z] [Job:job_1773020946290] Processing page 270/490...
[2026-03-09T01:49:07.061Z] [Job:job_1773020946290] Processing page 275/490...
[2026-03-09T01:49:07.065Z] [Job:job_1773020946290] Processing page 280/490...
[2026-03-09T01:49:07.067Z] [Job:job_1773020946290] Processing page 285/490...
[2026-03-09T01:49:07.070Z] [Job:job_1773020946290] Processing page 290/490...
[2026-03-09T01:49:07.073Z] [Job:job_1773020946290] Processing page 295/490...
[2026-03-09T01:49:07.076Z] [Job:job_1773020946290] Processing page 300/490...
[2026-03-09T01:49:07.080Z] [Job:job_1773020946290] Processing page 305/490...
[2026-03-09T01:49:07.083Z] [Job:job_1773020946290] Processing page 310/490...
[2026-03-09T01:49:07.086Z] [Job:job_1773020946290] Processing page 315/490...
[2026-03-09T01:49:07.089Z] [Job:job_1773020946290] Processing page 320/490...
[2026-03-09T01:49:07.093Z] [Job:job_1773020946290] Processing page 325/490...
[2026-03-09T01:49:07.095Z] [Job:job_1773020946290] Processing page 330/490...
[2026-03-09T01:49:07.098Z] [Job:job_1773020946290] Processing page 335/490...
[2026-03-09T01:49:07.101Z] [Job:job_1773020946290] Processing page 340/490...
[2026-03-09T01:49:07.105Z] [Job:job_1773020946290] Processing page 345/490...
[2026-03-09T01:49:07.108Z] [Job:job_1773020946290] Processing page 350/490...
[2026-03-09T01:49:07.111Z] [Job:job_1773020946290] Processing page 355/490...
[2026-03-09T01:49:07.114Z] [Job:job_1773020946290] Processing page 360/490...
[2026-03-09T01:49:07.117Z] [Job:job_1773020946290] Processing page 365/490...
[2026-03-09T01:49:07.121Z] [Job:job_1773020946290] Processing page 370/490...
[2026-03-09T01:49:07.125Z] [Job:job_1773020946290] Processing page 375/490...
[2026-03-09T01:49:07.128Z] [Job:job_1773020946290] Processing page 380/490...
[2026-03-09T01:49:07.132Z] [Job:job_1773020946290] Processing page 385/490...
[2026-03-09T01:49:07.136Z] [Job:job_1773020946290] Processing page 390/490...
[2026-03-09T01:49:07.139Z] [Job:job_1773020946290] Processing page 395/490...
[2026-03-09T01:49:07.144Z] [Job:job_1773020946290] Processing page 400/490...
[2026-03-09T01:49:07.149Z] [Job:job_1773020946290] Processing page 405/490...
[2026-03-09T01:49:07.153Z] [Job:job_1773020946290] Processing page 410/490...
[2026-03-09T01:49:07.157Z] [Job:job_1773020946290] Processing page 415/490...
[2026-03-09T01:49:07.160Z] [Job:job_1773020946290] Processing page 420/490...
[2026-03-09T01:49:07.165Z] [Job:job_1773020946290] Processing page 425/490...
[2026-03-09T01:49:07.169Z] [Job:job_1773020946290] Processing page 430/490...
[2026-03-09T01:49:07.172Z] [Job:job_1773020946290] Processing page 435/490...
[2026-03-09T01:49:07.176Z] [Job:job_1773020946290] Processing page 440/490...
[2026-03-09T01:49:07.179Z] [Job:job_1773020946290] Processing page 445/490...
[2026-03-09T01:49:07.183Z] [Job:job_1773020946290] Processing page 450/490...
[2026-03-09T01:49:07.187Z] [Job:job_1773020946290] Processing page 455/490...
[2026-03-09T01:49:07.190Z] [Job:job_1773020946290] Processing page 460/490...
[2026-03-09T01:49:07.194Z] [Job:job_1773020946290] Processing page 465/490...
[2026-03-09T01:49:07.197Z] [Job:job_1773020946290] Processing page 470/490...
[2026-03-09T01:49:07.200Z] [Job:job_1773020946290] Processing page 475/490...
[2026-03-09T01:49:07.204Z] [Job:job_1773020946290] Processing page 480/490...
[2026-03-09T01:49:07.207Z] [Job:job_1773020946290] Processing page 485/490...
[2026-03-09T01:49:07.210Z] [Job:job_1773020946290] Processing page 490/490...
[2026-03-09T01:49:07.210Z] [Job:job_1773020946290] Phase 2 (pdfjs) improved chars to: 349966
[2026-03-09T01:49:07.210Z] [Job:job_1773020946290] <<< SUCCESS in 0.89s. Chars: 349966
[2026-03-09T01:50:12.712Z] [Job:job_1773021012708] >>> START: WITLINK_WitCIS_STD标准版_产品培训_20260122（归档版).pptx (.pptx) Size: 81655338
[2026-03-09T01:50:12.759Z] [App] Accepted job job_1773021012708 for WITLINK_WitCIS_STD标准版_产品培训_20260122（归档版).pptx (81655338 bytes)
[2026-03-09T01:50:12.940Z] [Job:job_1773021012708] PPT parse done. Chars: 16539
[2026-03-09T01:50:12.940Z] [Job:job_1773021012708] <<< SUCCESS in 0.23s. Chars: 16539
[2026-03-09T01:50:29.082Z] [Job:job_1773021029082] >>> START: 客户信息系统操作手册（预付费功能补充版-对外）20250623.docx (.docx) Size: 8781908
[2026-03-09T01:50:29.158Z] [App] Accepted job job_1773021029082 for 客户信息系统操作手册（预付费功能补充版-对外）20250623.docx (8781908 bytes)
[2026-03-09T01:50:29.252Z] [Job:job_1773021029082] Word parse done. Chars: 10999
[2026-03-09T01:50:29.252Z] [Job:job_1773021029082] <<< SUCCESS in 0.17s. Chars: 10995
